<?xml version="1.0" encoding="UTF-8"?>
<!-- Generated by org.testng.reporters.JUnitXMLReporter -->
<testsuite ignored="0" hostname="LTIN340006" failures="1" tests="1" name="Test1" time="30.066" errors="0" timestamp="2024-04-11T14:31:29 IST">
  <testcase classname="testCases.TC_01_LoginTest" name="verifyLoginTest" time="22.964">
    <failure type="java.lang.AssertionError" message="null">
      <![CDATA[java.lang.AssertionError: null
at testCases.TC_01_LoginTest.verifyLoginTest(TC_01_LoginTest.java:49)
at java.base/java.util.ArrayList.forEach(ArrayList.java:1511)
... Removed 33 stack frames]]>
    </failure>
  </testcase> <!-- verifyLoginTest -->
</testsuite> <!-- Test1 -->
